09:14:25 INFO  : Registering command handlers for SDK TCF services
09:14:25 INFO  : Launching XSCT server: xsct.bat -interactive C:\Users\maoji\Work\FPGA_Projects\Basys_I2C\AXI_IIC_IP\I2C_ip.sdk\temp_xsdb_launch_script.tcl
09:14:27 INFO  : XSCT server has started successfully.
09:14:27 INFO  : Successfully done setting XSCT server connection channel  
09:14:28 INFO  : Successfully done setting SDK workspace  
09:14:28 INFO  : Processing command line option -hwspec C:/Users/maoji/Work/FPGA_Projects/Basys_I2C/AXI_IIC_IP/I2C_ip.sdk/Block_design_wrapper.hdf.
09:15:33 INFO  : 'targets -set -filter {jtag_cable_name =~ "Digilent Basys3 210183AA5DEDA" && level==0} -index 0' command is executed.
09:15:33 INFO  : 'fpga -state' command is executed.
09:15:33 INFO  : Connected to target on host '127.0.0.1' and port '3121'.
09:15:33 INFO  : Jtag cable 'Digilent Basys3 210183AA5DEDA' is selected.
09:15:33 INFO  : 'jtag frequency' command is executed.
09:15:33 INFO  : 'configparams mdm-detect-bscan-mask 2' command is executed.
09:15:33 INFO  : Context for processor 'microblaze_0' is selected.
09:15:33 INFO  : Processor reset is completed for 'microblaze_0'.
09:15:33 INFO  : Context for processor 'microblaze_0' is selected.
09:15:34 INFO  : The application 'C:/Users/maoji/Work/FPGA_Projects/Basys_I2C/AXI_IIC_IP/I2C_ip.sdk/uart_tmp3/Debug/uart_tmp3.elf' is downloaded to processor 'microblaze_0'.
09:15:34 INFO  : ----------------XSDB Script----------------
connect -url tcp:127.0.0.1:3121
configparams mdm-detect-bscan-mask 2
targets -set -nocase -filter {name =~ "microblaze*#0" && bscan=="USER2"  && jtag_cable_name =~ "Digilent Basys3 210183AA5DEDA"} -index 0
rst -processor
targets -set -nocase -filter {name =~ "microblaze*#0" && bscan=="USER2"  && jtag_cable_name =~ "Digilent Basys3 210183AA5DEDA"} -index 0
dow C:/Users/maoji/Work/FPGA_Projects/Basys_I2C/AXI_IIC_IP/I2C_ip.sdk/uart_tmp3/Debug/uart_tmp3.elf
----------------End of Script----------------

09:15:34 INFO  : Memory regions updated for context PA
09:15:34 INFO  : Memory regions updated for context MicroBlaze Debug Module at USER2
09:15:34 INFO  : Context for processor 'microblaze_0' is selected.
09:15:34 INFO  : 'con' command is executed.
09:15:34 INFO  : ----------------XSDB Script (After Launch)----------------
targets -set -nocase -filter {name =~ "microblaze*#0" && bscan=="USER2"  && jtag_cable_name =~ "Digilent Basys3 210183AA5DEDA"} -index 0
con
----------------End of Script----------------

09:15:34 INFO  : Launch script is exported to file 'C:\Users\maoji\Work\FPGA_Projects\Basys_I2C\AXI_IIC_IP\I2C_ip.sdk\.sdk\launch_scripts\xilinx_c-c++_application_(system_debugger)\system_debugger_using_debug_uart_tmp3.elf_on_local.tcl'
09:16:37 INFO  : Disconnected from the channel tcfchan#1.
09:16:39 INFO  : 'targets -set -filter {jtag_cable_name =~ "Digilent Basys3 210183AA5DEDA" && level==0} -index 0' command is executed.
09:16:39 INFO  : 'fpga -state' command is executed.
09:16:39 INFO  : Connected to target on host '127.0.0.1' and port '3121'.
09:16:39 INFO  : Jtag cable 'Digilent Basys3 210183AA5DEDA' is selected.
09:16:39 INFO  : 'jtag frequency' command is executed.
09:16:39 INFO  : 'configparams mdm-detect-bscan-mask 2' command is executed.
09:16:39 INFO  : Context for processor 'microblaze_0' is selected.
09:16:39 INFO  : Processor reset is completed for 'microblaze_0'.
09:16:39 INFO  : Context for processor 'microblaze_0' is selected.
09:16:39 INFO  : The application 'C:/Users/maoji/Work/FPGA_Projects/Basys_I2C/AXI_IIC_IP/I2C_ip.sdk/uart_tmp3/Debug/uart_tmp3.elf' is downloaded to processor 'microblaze_0'.
09:16:39 INFO  : ----------------XSDB Script----------------
connect -url tcp:127.0.0.1:3121
configparams mdm-detect-bscan-mask 2
targets -set -nocase -filter {name =~ "microblaze*#0" && bscan=="USER2"  && jtag_cable_name =~ "Digilent Basys3 210183AA5DEDA"} -index 0
rst -processor
targets -set -nocase -filter {name =~ "microblaze*#0" && bscan=="USER2"  && jtag_cable_name =~ "Digilent Basys3 210183AA5DEDA"} -index 0
dow C:/Users/maoji/Work/FPGA_Projects/Basys_I2C/AXI_IIC_IP/I2C_ip.sdk/uart_tmp3/Debug/uart_tmp3.elf
----------------End of Script----------------

09:16:39 INFO  : Memory regions updated for context PA
09:16:39 INFO  : Memory regions updated for context MicroBlaze Debug Module at USER2
09:16:39 INFO  : Context for processor 'microblaze_0' is selected.
09:16:39 INFO  : 'con' command is executed.
09:16:39 INFO  : ----------------XSDB Script (After Launch)----------------
targets -set -nocase -filter {name =~ "microblaze*#0" && bscan=="USER2"  && jtag_cable_name =~ "Digilent Basys3 210183AA5DEDA"} -index 0
con
----------------End of Script----------------

09:16:39 INFO  : Launch script is exported to file 'C:\Users\maoji\Work\FPGA_Projects\Basys_I2C\AXI_IIC_IP\I2C_ip.sdk\.sdk\launch_scripts\xilinx_c-c++_application_(system_debugger)\system_debugger_using_debug_uart_tmp3.elf_on_local.tcl'
20:20:37 INFO  : Disconnected from the channel tcfchan#2.
20:20:38 INFO  : 'targets -set -filter {jtag_cable_name =~ "Digilent Basys3 210183AA5DEDA" && level==0} -index 0' command is executed.
20:20:38 INFO  : 'fpga -state' command is executed.
20:20:38 INFO  : Connected to target on host '127.0.0.1' and port '3121'.
20:20:38 INFO  : Jtag cable 'Digilent Basys3 210183AA5DEDA' is selected.
20:20:38 INFO  : 'jtag frequency' command is executed.
20:20:38 INFO  : 'configparams mdm-detect-bscan-mask 2' command is executed.
20:20:38 INFO  : Context for processor 'microblaze_0' is selected.
20:20:38 INFO  : Processor reset is completed for 'microblaze_0'.
20:20:38 INFO  : Context for processor 'microblaze_0' is selected.
20:20:38 INFO  : The application 'C:/Users/maoji/Work/FPGA_Projects/Basys_I2C/AXI_IIC_IP/I2C_ip.sdk/uart_tmp3/Debug/uart_tmp3.elf' is downloaded to processor 'microblaze_0'.
20:20:38 INFO  : ----------------XSDB Script----------------
connect -url tcp:127.0.0.1:3121
configparams mdm-detect-bscan-mask 2
targets -set -nocase -filter {name =~ "microblaze*#0" && bscan=="USER2"  && jtag_cable_name =~ "Digilent Basys3 210183AA5DEDA"} -index 0
rst -processor
targets -set -nocase -filter {name =~ "microblaze*#0" && bscan=="USER2"  && jtag_cable_name =~ "Digilent Basys3 210183AA5DEDA"} -index 0
dow C:/Users/maoji/Work/FPGA_Projects/Basys_I2C/AXI_IIC_IP/I2C_ip.sdk/uart_tmp3/Debug/uart_tmp3.elf
----------------End of Script----------------

20:20:38 INFO  : Memory regions updated for context PA
20:20:38 INFO  : Memory regions updated for context MicroBlaze Debug Module at USER2
20:20:38 INFO  : Context for processor 'microblaze_0' is selected.
20:20:38 INFO  : 'con' command is executed.
20:20:38 INFO  : ----------------XSDB Script (After Launch)----------------
targets -set -nocase -filter {name =~ "microblaze*#0" && bscan=="USER2"  && jtag_cable_name =~ "Digilent Basys3 210183AA5DEDA"} -index 0
con
----------------End of Script----------------

20:20:38 INFO  : Launch script is exported to file 'C:\Users\maoji\Work\FPGA_Projects\Basys_I2C\AXI_IIC_IP\I2C_ip.sdk\.sdk\launch_scripts\xilinx_c-c++_application_(system_debugger)\system_debugger_using_debug_uart_tmp3.elf_on_local.tcl'
